This file contains any messages produced by compilers while
running configure, to aid debugging if configure makes a mistake.

It was created by sqlite configure 3.8.10.2, which was
generated by GNU Autoconf 2.59.  Invocation command line was

  $ ../../dist/../lang/sql/sqlite/configure --disable-option-checking --disable-option-checking --prefix=/usr/local/BerkeleyDB.6.2 --enable-debug --enable-sql CPPFLAGS=-I..  -D_GNU_SOURCE -D_REENTRANT --enable-amalgamation=no --enable-readline=no

## --------- ##
## Platform. ##
## --------- ##

hostname = durai-VirtualBox
uname -m = x86_64
uname -r = 3.19.0-49-generic
uname -s = Linux
uname -v = #55-Ubuntu SMP Fri Jan 22 02:10:24 UTC 2016

/usr/bin/uname -p = unknown
/bin/uname -X     = unknown

/bin/arch              = unknown
/usr/bin/arch -k       = unknown
/usr/convex/getsysinfo = unknown
hostinfo               = unknown
/bin/machine           = unknown
/usr/bin/oslevel       = unknown
/bin/universe          = unknown

PATH: /home/durai/bin
PATH: /usr/local/sbin
PATH: /usr/local/bin
PATH: /usr/sbin
PATH: /usr/bin
PATH: /sbin
PATH: /bin
PATH: /usr/games
PATH: /usr/local/games


## ----------- ##
## Core tests. ##
## ----------- ##

configure:1564: checking build system type
configure:1582: result: x86_64-unknown-linux-gnu
configure:1590: checking host system type
configure:1604: result: x86_64-unknown-linux-gnu
configure:1658: checking for gcc
configure:1684: result: cc
configure:1928: checking for C compiler version
configure:1931: cc --version </dev/null >&5
cc (Ubuntu 4.9.2-10ubuntu13) 4.9.2
Copyright (C) 2014 Free Software Foundation, Inc.
This is free software; see the source for copying conditions.  There is NO
warranty; not even for MERCHANTABILITY or FITNESS FOR A PARTICULAR PURPOSE.

configure:1934: $? = 0
configure:1936: cc -v </dev/null >&5
Using built-in specs.
COLLECT_GCC=cc
COLLECT_LTO_WRAPPER=/usr/lib/gcc/x86_64-linux-gnu/4.9/lto-wrapper
Target: x86_64-linux-gnu
Configured with: ../src/configure -v --with-pkgversion='Ubuntu 4.9.2-10ubuntu13' --with-bugurl=file:///usr/share/doc/gcc-4.9/README.Bugs --enable-languages=c,c++,java,go,d,fortran,objc,obj-c++ --prefix=/usr --program-suffix=-4.9 --enable-shared --enable-linker-build-id --libexecdir=/usr/lib --without-included-gettext --enable-threads=posix --with-gxx-include-dir=/usr/include/c++/4.9 --libdir=/usr/lib --enable-nls --with-sysroot=/ --enable-clocale=gnu --enable-libstdcxx-debug --enable-libstdcxx-time=yes --enable-gnu-unique-object --disable-vtable-verify --enable-plugin --with-system-zlib --disable-browser-plugin --enable-java-awt=gtk --enable-gtk-cairo --with-java-home=/usr/lib/jvm/java-1.5.0-gcj-4.9-amd64/jre --enable-java-home --with-jvm-root-dir=/usr/lib/jvm/java-1.5.0-gcj-4.9-amd64 --with-jvm-jar-dir=/usr/lib/jvm-exports/java-1.5.0-gcj-4.9-amd64 --with-arch-directory=amd64 --with-ecj-jar=/usr/share/java/eclipse-ecj.jar --enable-objc-gc --enable-multiarch --disable-werror --with-arch-32=i686 --with-abi=m64 --with-multilib-list=m32,m64,mx32 --enable-multilib --with-tune=generic --enable-checking=release --build=x86_64-linux-gnu --host=x86_64-linux-gnu --target=x86_64-linux-gnu
Thread model: posix
gcc version 4.9.2 (Ubuntu 4.9.2-10ubuntu13) 
configure:1939: $? = 0
configure:1941: cc -V </dev/null >&5
cc: error: unrecognized command line option '-V'
cc: fatal error: no input files
compilation terminated.
configure:1944: $? = 4
configure:1967: checking for C compiler default output file name
configure:1970: cc  -I..  -D_GNU_SOURCE -D_REENTRANT  conftest.c  >&5
configure:1973: $? = 0
configure:2019: result: a.out
configure:2024: checking whether the C compiler works
configure:2030: ./a.out
configure:2033: $? = 0
configure:2050: result: yes
configure:2057: checking whether we are cross compiling
configure:2059: result: no
configure:2062: checking for suffix of executables
configure:2064: cc -o conftest  -I..  -D_GNU_SOURCE -D_REENTRANT  conftest.c  >&5
configure:2067: $? = 0
configure:2092: result: 
configure:2098: checking for suffix of object files
configure:2119: cc -c  -I..  -D_GNU_SOURCE -D_REENTRANT conftest.c >&5
configure:2122: $? = 0
configure:2144: result: o
configure:2148: checking whether we are using the GNU C compiler
configure:2172: cc -c  -I..  -D_GNU_SOURCE -D_REENTRANT conftest.c >&5
configure:2178: $? = 0
configure:2182: test -z 
			 || test ! -s conftest.err
configure:2185: $? = 0
configure:2188: test -s conftest.o
configure:2191: $? = 0
configure:2204: result: yes
configure:2210: checking whether cc accepts -g
configure:2231: cc -c -g -I..  -D_GNU_SOURCE -D_REENTRANT conftest.c >&5
configure:2237: $? = 0
configure:2241: test -z 
			 || test ! -s conftest.err
configure:2244: $? = 0
configure:2247: test -s conftest.o
configure:2250: $? = 0
configure:2261: result: yes
configure:2278: checking for cc option to accept ANSI C
configure:2348: cc  -c -g -O2 -I..  -D_GNU_SOURCE -D_REENTRANT conftest.c >&5
configure:2354: $? = 0
configure:2358: test -z 
			 || test ! -s conftest.err
configure:2361: $? = 0
configure:2364: test -s conftest.o
configure:2367: $? = 0
configure:2385: result: none needed
configure:2403: cc -c -g -O2 -I..  -D_GNU_SOURCE -D_REENTRANT conftest.c >&5
conftest.c:2:3: error: unknown type name 'choke'
   choke me
   ^
conftest.c:2:3: error: expected '=', ',', ';', 'asm' or '__attribute__' at end of input
configure:2409: $? = 1
configure: failed program was:
| #ifndef __cplusplus
|   choke me
| #endif
configure:2542: checking for a sed that does not truncate output
configure:2598: result: /bin/sed
configure:2614: checking for egrep
configure:2624: result: grep -E
configure:2629: checking for fgrep
configure:2639: result: grep -F
configure:2674: checking for ld used by cc
configure:2741: result: /usr/bin/ld
configure:2750: checking if the linker (/usr/bin/ld) is GNU ld
configure:2765: result: yes
configure:2777: checking for BSD- or MS-compatible name lister (nm)
configure:2826: result: /usr/bin/nm -B
configure:2931: checking the name lister (/usr/bin/nm -B) interface
configure:2938: cc -c -g -O2 -I..  -D_GNU_SOURCE -D_REENTRANT conftest.c >&5
configure:2941: /usr/bin/nm -B "conftest.o"
configure:2944: output
0000000000000000 B some_variable
configure:2951: result: BSD nm
configure:2954: checking whether ln -s works
configure:2958: result: yes
configure:2966: checking the maximum length of command line arguments
configure:3086: result: 1572864
configure:3103: checking whether the shell understands some XSI constructs
configure:3113: result: yes
configure:3117: checking whether the shell understands "+="
configure:3123: result: yes
configure:3158: checking for /usr/bin/ld option to reload object files
configure:3165: result: -r
configure:3232: checking for objdump
configure:3248: found /usr/bin/objdump
configure:3259: result: objdump
configure:3281: checking how to recognize dependent libraries
configure:3477: result: pass_all
configure:3535: checking for ar
configure:3551: found /usr/bin/ar
configure:3562: result: ar
configure:3628: checking for strip
configure:3644: found /usr/bin/strip
configure:3655: result: strip
configure:3715: checking for ranlib
configure:3731: found /usr/bin/ranlib
configure:3742: result: ranlib
configure:3822: checking command to parse /usr/bin/nm -B output from cc object
configure:3940: cc -c -g -O2 -I..  -D_GNU_SOURCE -D_REENTRANT conftest.c >&5
configure:3943: $? = 0
configure:3947: /usr/bin/nm -B conftest.o \| sed -n -e 's/^.*[	 ]\([ABCDGIRSTW][ABCDGIRSTW]*\)[	 ][	 ]*\([_A-Za-z][_A-Za-z0-9]*\)$/\1 \2 \2/p' \> conftest.nm
configure:3950: $? = 0
configure:4004: cc -o conftest -g -O2 -I..  -D_GNU_SOURCE -D_REENTRANT  conftest.c conftstm.o >&5
configure:4007: $? = 0
configure:4045: result: ok
configure:4141: cc -c -g -O2 -I..  -D_GNU_SOURCE -D_REENTRANT conftest.c >&5
configure:4144: $? = 0
configure:4850: checking how to run the C preprocessor
configure:4885: cc -E -I..  -D_GNU_SOURCE -D_REENTRANT conftest.c
configure:4891: $? = 0
configure:4923: cc -E -I..  -D_GNU_SOURCE -D_REENTRANT conftest.c
conftest.c:9:28: fatal error: ac_nonexistent.h: No such file or directory
 #include <ac_nonexistent.h>
                            ^
compilation terminated.
configure:4929: $? = 1
configure: failed program was:
| /* confdefs.h.  */
| 
| #define PACKAGE_NAME "sqlite"
| #define PACKAGE_TARNAME "sqlite"
| #define PACKAGE_VERSION "3.8.10.2"
| #define PACKAGE_STRING "sqlite 3.8.10.2"
| #define PACKAGE_BUGREPORT ""
| /* end confdefs.h.  */
| #include <ac_nonexistent.h>
configure:4968: result: cc -E
configure:4992: cc -E -I..  -D_GNU_SOURCE -D_REENTRANT conftest.c
configure:4998: $? = 0
configure:5030: cc -E -I..  -D_GNU_SOURCE -D_REENTRANT conftest.c
conftest.c:9:28: fatal error: ac_nonexistent.h: No such file or directory
 #include <ac_nonexistent.h>
                            ^
compilation terminated.
configure:5036: $? = 1
configure: failed program was:
| /* confdefs.h.  */
| 
| #define PACKAGE_NAME "sqlite"
| #define PACKAGE_TARNAME "sqlite"
| #define PACKAGE_VERSION "3.8.10.2"
| #define PACKAGE_STRING "sqlite 3.8.10.2"
| #define PACKAGE_BUGREPORT ""
| /* end confdefs.h.  */
| #include <ac_nonexistent.h>
configure:5080: checking for ANSI C header files
configure:5105: cc -c -g -O2 -I..  -D_GNU_SOURCE -D_REENTRANT conftest.c >&5
configure:5111: $? = 0
configure:5115: test -z 
			 || test ! -s conftest.err
configure:5118: $? = 0
configure:5121: test -s conftest.o
configure:5124: $? = 0
configure:5213: cc -o conftest -g -O2 -I..  -D_GNU_SOURCE -D_REENTRANT  conftest.c  >&5
conftest.c: In function 'main':
conftest.c:26:7: warning: incompatible implicit declaration of built-in function 'exit'
       exit(2);
       ^
configure:5216: $? = 0
configure:5218: ./conftest
configure:5221: $? = 0
configure:5236: result: yes
configure:5260: checking for sys/types.h
configure:5276: cc -c -g -O2 -I..  -D_GNU_SOURCE -D_REENTRANT conftest.c >&5
configure:5282: $? = 0
configure:5286: test -z 
			 || test ! -s conftest.err
configure:5289: $? = 0
configure:5292: test -s conftest.o
configure:5295: $? = 0
configure:5306: result: yes
configure:5260: checking for sys/stat.h
configure:5276: cc -c -g -O2 -I..  -D_GNU_SOURCE -D_REENTRANT conftest.c >&5
configure:5282: $? = 0
configure:5286: test -z 
			 || test ! -s conftest.err
configure:5289: $? = 0
configure:5292: test -s conftest.o
configure:5295: $? = 0
configure:5306: result: yes
configure:5260: checking for stdlib.h
configure:5276: cc -c -g -O2 -I..  -D_GNU_SOURCE -D_REENTRANT conftest.c >&5
configure:5282: $? = 0
configure:5286: test -z 
			 || test ! -s conftest.err
configure:5289: $? = 0
configure:5292: test -s conftest.o
configure:5295: $? = 0
configure:5306: result: yes
configure:5260: checking for string.h
configure:5276: cc -c -g -O2 -I..  -D_GNU_SOURCE -D_REENTRANT conftest.c >&5
configure:5282: $? = 0
configure:5286: test -z 
			 || test ! -s conftest.err
configure:5289: $? = 0
configure:5292: test -s conftest.o
configure:5295: $? = 0
configure:5306: result: yes
configure:5260: checking for memory.h
configure:5276: cc -c -g -O2 -I..  -D_GNU_SOURCE -D_REENTRANT conftest.c >&5
configure:5282: $? = 0
configure:5286: test -z 
			 || test ! -s conftest.err
configure:5289: $? = 0
configure:5292: test -s conftest.o
configure:5295: $? = 0
configure:5306: result: yes
configure:5260: checking for strings.h
configure:5276: cc -c -g -O2 -I..  -D_GNU_SOURCE -D_REENTRANT conftest.c >&5
configure:5282: $? = 0
configure:5286: test -z 
			 || test ! -s conftest.err
configure:5289: $? = 0
configure:5292: test -s conftest.o
configure:5295: $? = 0
configure:5306: result: yes
configure:5260: checking for inttypes.h
configure:5276: cc -c -g -O2 -I..  -D_GNU_SOURCE -D_REENTRANT conftest.c >&5
configure:5282: $? = 0
configure:5286: test -z 
			 || test ! -s conftest.err
configure:5289: $? = 0
configure:5292: test -s conftest.o
configure:5295: $? = 0
configure:5306: result: yes
configure:5260: checking for stdint.h
configure:5276: cc -c -g -O2 -I..  -D_GNU_SOURCE -D_REENTRANT conftest.c >&5
configure:5282: $? = 0
configure:5286: test -z 
			 || test ! -s conftest.err
configure:5289: $? = 0
configure:5292: test -s conftest.o
configure:5295: $? = 0
configure:5306: result: yes
configure:5260: checking for unistd.h
configure:5276: cc -c -g -O2 -I..  -D_GNU_SOURCE -D_REENTRANT conftest.c >&5
configure:5282: $? = 0
configure:5286: test -z 
			 || test ! -s conftest.err
configure:5289: $? = 0
configure:5292: test -s conftest.o
configure:5295: $? = 0
configure:5306: result: yes
configure:5322: checking for dlfcn.h
configure:5338: cc -c -g -O2 -I..  -D_GNU_SOURCE -D_REENTRANT conftest.c >&5
configure:5344: $? = 0
configure:5348: test -z 
			 || test ! -s conftest.err
configure:5351: $? = 0
configure:5354: test -s conftest.o
configure:5357: $? = 0
configure:5368: result: yes
configure:5552: checking for objdir
configure:5567: result: .libs
configure:5859: checking if cc supports -fno-rtti -fno-exceptions
configure:5877: cc -c -g -O2 -I..  -D_GNU_SOURCE -D_REENTRANT -fno-rtti -fno-exceptions conftest.c >&5
cc1: warning: command line option '-fno-rtti' is valid for C++/ObjC++ but not for C
configure:5881: $? = 0
configure:5894: result: no
configure:5914: checking for cc option to produce PIC
configure:6186: result: -fPIC -DPIC
configure:6198: checking if cc PIC flag -fPIC -DPIC works
configure:6216: cc -c -g -O2 -I..  -D_GNU_SOURCE -D_REENTRANT -fPIC -DPIC -DPIC conftest.c >&5
configure:6220: $? = 0
configure:6233: result: yes
configure:6257: checking if cc static flag -static works
configure:6285: result: yes
configure:6300: checking if cc supports -c -o file.o
configure:6321: cc -c -g -O2 -I..  -D_GNU_SOURCE -D_REENTRANT -o out/conftest2.o conftest.c >&5
configure:6325: $? = 0
configure:6347: result: yes
configure:6355: checking if cc supports -c -o file.o
configure:6402: result: yes
configure:6435: checking whether the cc linker (/usr/bin/ld -m elf_x86_64) supports shared libraries
configure:7503: result: yes
configure:7540: checking whether -lc should be explicitly linked in
configure:7545: cc -c -g -O2 -I..  -D_GNU_SOURCE -D_REENTRANT conftest.c >&5
configure:7548: $? = 0
configure:7563: cc -shared conftest.o  -v -Wl,-soname -Wl,conftest -o conftest 2\>\&1 \| grep  -lc  \>/dev/null 2\>\&1
configure:7566: $? = 0
configure:7578: result: no
configure:7742: checking dynamic linker characteristics
configure:8193: cc -o conftest -g -O2 -I..  -D_GNU_SOURCE -D_REENTRANT  -Wl,-rpath -Wl,/foo conftest.c  >&5
configure:8199: $? = 0
configure:8203: test -z 
			 || test ! -s conftest.err
configure:8206: $? = 0
configure:8209: test -s conftest
configure:8212: $? = 0
configure:8436: result: GNU/Linux ld.so
configure:8538: checking how to hardcode library paths into programs
configure:8563: result: immediate
configure:9401: checking whether stripping libraries is possible
configure:9406: result: yes
configure:9441: checking if libtool supports shared libraries
configure:9443: result: yes
configure:9446: checking whether to build shared libraries
configure:9467: result: yes
configure:9470: checking whether to build static libraries
configure:9474: result: yes
configure:9522: checking for a BSD-compatible install
configure:9577: result: /usr/bin/install -c
configure:9592: checking for gawk
configure:9621: result: no
configure:9592: checking for mawk
configure:9608: found /usr/bin/mawk
configure:9618: result: mawk
configure:9639: checking for special C compiler options needed for large files
configure:9738: result: no
configure:9744: checking for _FILE_OFFSET_BITS value needed for large files
configure:9775: cc -c -g -O2 -I..  -D_GNU_SOURCE -D_REENTRANT conftest.c >&5
configure:9781: $? = 0
configure:9785: test -z 
			 || test ! -s conftest.err
configure:9788: $? = 0
configure:9791: test -s conftest.o
configure:9794: $? = 0
configure:9859: result: no
configure:9869: checking for _LARGE_FILES value needed for large files
configure:9900: cc -c -g -O2 -I..  -D_GNU_SOURCE -D_REENTRANT conftest.c >&5
configure:9906: $? = 0
configure:9910: test -z 
			 || test ! -s conftest.err
configure:9913: $? = 0
configure:9916: test -s conftest.o
configure:9919: $? = 0
configure:9984: result: no
configure:9999: checking for int8_t
configure:10023: cc -c -g -O2 -I..  -D_GNU_SOURCE -D_REENTRANT conftest.c >&5
configure:10029: $? = 0
configure:10033: test -z 
			 || test ! -s conftest.err
configure:10036: $? = 0
configure:10039: test -s conftest.o
configure:10042: $? = 0
configure:10053: result: yes
configure:10063: checking for int16_t
configure:10087: cc -c -g -O2 -I..  -D_GNU_SOURCE -D_REENTRANT conftest.c >&5
configure:10093: $? = 0
configure:10097: test -z 
			 || test ! -s conftest.err
configure:10100: $? = 0
configure:10103: test -s conftest.o
configure:10106: $? = 0
configure:10117: result: yes
configure:10127: checking for int32_t
configure:10151: cc -c -g -O2 -I..  -D_GNU_SOURCE -D_REENTRANT conftest.c >&5
configure:10157: $? = 0
configure:10161: test -z 
			 || test ! -s conftest.err
configure:10164: $? = 0
configure:10167: test -s conftest.o
configure:10170: $? = 0
configure:10181: result: yes
configure:10191: checking for int64_t
configure:10215: cc -c -g -O2 -I..  -D_GNU_SOURCE -D_REENTRANT conftest.c >&5
configure:10221: $? = 0
configure:10225: test -z 
			 || test ! -s conftest.err
configure:10228: $? = 0
configure:10231: test -s conftest.o
configure:10234: $? = 0
configure:10245: result: yes
configure:10255: checking for intptr_t
configure:10279: cc -c -g -O2 -I..  -D_GNU_SOURCE -D_REENTRANT conftest.c >&5
configure:10285: $? = 0
configure:10289: test -z 
			 || test ! -s conftest.err
configure:10292: $? = 0
configure:10295: test -s conftest.o
configure:10298: $? = 0
configure:10309: result: yes
configure:10319: checking for uint8_t
configure:10343: cc -c -g -O2 -I..  -D_GNU_SOURCE -D_REENTRANT conftest.c >&5
configure:10349: $? = 0
configure:10353: test -z 
			 || test ! -s conftest.err
configure:10356: $? = 0
configure:10359: test -s conftest.o
configure:10362: $? = 0
configure:10373: result: yes
configure:10383: checking for uint16_t
configure:10407: cc -c -g -O2 -I..  -D_GNU_SOURCE -D_REENTRANT conftest.c >&5
configure:10413: $? = 0
configure:10417: test -z 
			 || test ! -s conftest.err
configure:10420: $? = 0
configure:10423: test -s conftest.o
configure:10426: $? = 0
configure:10437: result: yes
configure:10447: checking for uint32_t
configure:10471: cc -c -g -O2 -I..  -D_GNU_SOURCE -D_REENTRANT conftest.c >&5
configure:10477: $? = 0
configure:10481: test -z 
			 || test ! -s conftest.err
configure:10484: $? = 0
configure:10487: test -s conftest.o
configure:10490: $? = 0
configure:10501: result: yes
configure:10511: checking for uint64_t
configure:10535: cc -c -g -O2 -I..  -D_GNU_SOURCE -D_REENTRANT conftest.c >&5
configure:10541: $? = 0
configure:10545: test -z 
			 || test ! -s conftest.err
configure:10548: $? = 0
configure:10551: test -s conftest.o
configure:10554: $? = 0
configure:10565: result: yes
configure:10575: checking for uintptr_t
configure:10599: cc -c -g -O2 -I..  -D_GNU_SOURCE -D_REENTRANT conftest.c >&5
configure:10605: $? = 0
configure:10609: test -z 
			 || test ! -s conftest.err
configure:10612: $? = 0
configure:10615: test -s conftest.o
configure:10618: $? = 0
configure:10629: result: yes
configure:10653: checking for sys/types.h
configure:10658: result: yes
configure:10653: checking for stdlib.h
configure:10658: result: yes
configure:10653: checking for stdint.h
configure:10658: result: yes
configure:10653: checking for inttypes.h
configure:10658: result: yes
configure:10662: checking malloc.h usability
configure:10674: cc -c -g -O2 -I..  -D_GNU_SOURCE -D_REENTRANT conftest.c >&5
configure:10680: $? = 0
configure:10684: test -z 
			 || test ! -s conftest.err
configure:10687: $? = 0
configure:10690: test -s conftest.o
configure:10693: $? = 0
configure:10703: result: yes
configure:10707: checking malloc.h presence
configure:10717: cc -E -I..  -D_GNU_SOURCE -D_REENTRANT conftest.c
configure:10723: $? = 0
configure:10743: result: yes
configure:10778: checking for malloc.h
configure:10785: result: yes
configure:10662: checking errno.h usability
configure:10674: cc -c -g -O2 -I..  -D_GNU_SOURCE -D_REENTRANT conftest.c >&5
configure:10680: $? = 0
configure:10684: test -z 
			 || test ! -s conftest.err
configure:10687: $? = 0
configure:10690: test -s conftest.o
configure:10693: $? = 0
configure:10703: result: yes
configure:10707: checking errno.h presence
configure:10717: cc -E -I..  -D_GNU_SOURCE -D_REENTRANT conftest.c
configure:10723: $? = 0
configure:10743: result: yes
configure:10778: checking for errno.h
configure:10785: result: yes
configure:10814: checking for fdatasync
configure:10871: cc -o conftest -g -O2 -I..  -D_GNU_SOURCE -D_REENTRANT  conftest.c  >&5
configure:10877: $? = 0
configure:10881: test -z 
			 || test ! -s conftest.err
configure:10884: $? = 0
configure:10887: test -s conftest
configure:10890: $? = 0
configure:10902: result: yes
configure:10814: checking for gmtime_r
configure:10871: cc -o conftest -g -O2 -I..  -D_GNU_SOURCE -D_REENTRANT  conftest.c  >&5
configure:10877: $? = 0
configure:10881: test -z 
			 || test ! -s conftest.err
configure:10884: $? = 0
configure:10887: test -s conftest
configure:10890: $? = 0
configure:10902: result: yes
configure:10814: checking for isnan
configure:10871: cc -o conftest -g -O2 -I..  -D_GNU_SOURCE -D_REENTRANT  conftest.c  >&5
conftest.c:63:6: warning: conflicting types for built-in function 'isnan'
 char isnan ();
      ^
configure:10877: $? = 0
configure:10881: test -z 
			 || test ! -s conftest.err
configure:10884: $? = 0
configure:10887: test -s conftest
configure:10890: $? = 0
configure:10902: result: yes
configure:10814: checking for localtime_r
configure:10871: cc -o conftest -g -O2 -I..  -D_GNU_SOURCE -D_REENTRANT  conftest.c  >&5
configure:10877: $? = 0
configure:10881: test -z 
			 || test ! -s conftest.err
configure:10884: $? = 0
configure:10887: test -s conftest
configure:10890: $? = 0
configure:10902: result: yes
configure:10814: checking for localtime_s
configure:10871: cc -o conftest -g -O2 -I..  -D_GNU_SOURCE -D_REENTRANT  conftest.c  >&5
/tmp/cc0uK6In.o:(.data+0x0): undefined reference to `localtime_s'
/tmp/cc0uK6In.o: In function `main':
/home/durai/c/db-6.2.23/build_unix/sql/conftest.c:81: undefined reference to `localtime_s'
collect2: error: ld returned 1 exit status
configure:10877: $? = 1
configure: failed program was:
| /* confdefs.h.  */
| 
| #define PACKAGE_NAME "sqlite"
| #define PACKAGE_TARNAME "sqlite"
| #define PACKAGE_VERSION "3.8.10.2"
| #define PACKAGE_STRING "sqlite 3.8.10.2"
| #define PACKAGE_BUGREPORT ""
| #define STDC_HEADERS 1
| #define HAVE_SYS_TYPES_H 1
| #define HAVE_SYS_STAT_H 1
| #define HAVE_STDLIB_H 1
| #define HAVE_STRING_H 1
| #define HAVE_MEMORY_H 1
| #define HAVE_STRINGS_H 1
| #define HAVE_INTTYPES_H 1
| #define HAVE_STDINT_H 1
| #define HAVE_UNISTD_H 1
| #define HAVE_DLFCN_H 1
| #define LT_OBJDIR ".libs/"
| #define HAVE_INT8_T 1
| #define HAVE_INT16_T 1
| #define HAVE_INT32_T 1
| #define HAVE_INT64_T 1
| #define HAVE_INTPTR_T 1
| #define HAVE_UINT8_T 1
| #define HAVE_UINT16_T 1
| #define HAVE_UINT32_T 1
| #define HAVE_UINT64_T 1
| #define HAVE_UINTPTR_T 1
| #define HAVE_SYS_TYPES_H 1
| #define HAVE_STDLIB_H 1
| #define HAVE_STDINT_H 1
| #define HAVE_INTTYPES_H 1
| #define HAVE_MALLOC_H 1
| #define HAVE_ERRNO_H 1
| #define HAVE_FDATASYNC 1
| #define HAVE_GMTIME_R 1
| #define HAVE_ISNAN 1
| #define HAVE_LOCALTIME_R 1
| /* end confdefs.h.  */
| /* Define localtime_s to an innocuous variant, in case <limits.h> declares localtime_s.
|    For example, HP-UX 11i <limits.h> declares gettimeofday.  */
| #define localtime_s innocuous_localtime_s
| 
| /* System header to define __stub macros and hopefully few prototypes,
|     which can conflict with char localtime_s (); below.
|     Prefer <limits.h> to <assert.h> if __STDC__ is defined, since
|     <limits.h> exists even on freestanding compilers.  */
| 
| #ifdef __STDC__
| # include <limits.h>
| #else
| # include <assert.h>
| #endif
| 
| #undef localtime_s
| 
| /* Override any gcc2 internal prototype to avoid an error.  */
| #ifdef __cplusplus
| extern "C"
| {
| #endif
| /* We use char because int might match the return type of a gcc2
|    builtin and then its argument prototype would still apply.  */
| char localtime_s ();
| /* The GNU C library defines this for functions which it implements
|     to always fail with ENOSYS.  Some functions are actually named
|     something starting with __ and the normal name is an alias.  */
| #if defined (__stub_localtime_s) || defined (__stub___localtime_s)
| choke me
| #else
| char (*f) () = localtime_s;
| #endif
| #ifdef __cplusplus
| }
| #endif
| 
| int
| main ()
| {
| return f != localtime_s;
|   ;
|   return 0;
| }
configure:10902: result: no
configure:10814: checking for malloc_usable_size
configure:10871: cc -o conftest -g -O2 -I..  -D_GNU_SOURCE -D_REENTRANT  conftest.c  >&5
configure:10877: $? = 0
configure:10881: test -z 
			 || test ! -s conftest.err
configure:10884: $? = 0
configure:10887: test -s conftest
configure:10890: $? = 0
configure:10902: result: yes
configure:10814: checking for strchrnul
configure:10871: cc -o conftest -g -O2 -I..  -D_GNU_SOURCE -D_REENTRANT  conftest.c  >&5
configure:10877: $? = 0
configure:10881: test -z 
			 || test ! -s conftest.err
configure:10884: $? = 0
configure:10887: test -s conftest
configure:10890: $? = 0
configure:10902: result: yes
configure:10814: checking for usleep
configure:10871: cc -o conftest -g -O2 -I..  -D_GNU_SOURCE -D_REENTRANT  conftest.c  >&5
configure:10877: $? = 0
configure:10881: test -z 
			 || test ! -s conftest.err
configure:10884: $? = 0
configure:10887: test -s conftest
configure:10890: $? = 0
configure:10902: result: yes
configure:10814: checking for utime
configure:10871: cc -o conftest -g -O2 -I..  -D_GNU_SOURCE -D_REENTRANT  conftest.c  >&5
configure:10877: $? = 0
configure:10881: test -z 
			 || test ! -s conftest.err
configure:10884: $? = 0
configure:10887: test -s conftest
configure:10890: $? = 0
configure:10902: result: yes
configure:10927: checking for tclsh8.6
configure:10943: found /usr/bin/tclsh8.6
configure:10953: result: tclsh8.6
configure:10993: Version set to 3.8
configure:10997: Release set to 3.8.10.2
configure:11003: Version number set to 3008010
configure:11073: checking whether to support threadsafe operation
configure:11081: result: yes
configure:11087: checking for library containing pthread_create
configure:11117: cc -o conftest -g -O2 -I..  -D_GNU_SOURCE -D_REENTRANT  conftest.c  >&5
/tmp/cc6r8nsv.o: In function `main':
/home/durai/c/db-6.2.23/build_unix/sql/conftest.c:56: undefined reference to `pthread_create'
collect2: error: ld returned 1 exit status
configure:11123: $? = 1
configure: failed program was:
| /* confdefs.h.  */
| 
| #define PACKAGE_NAME "sqlite"
| #define PACKAGE_TARNAME "sqlite"
| #define PACKAGE_VERSION "3.8.10.2"
| #define PACKAGE_STRING "sqlite 3.8.10.2"
| #define PACKAGE_BUGREPORT ""
| #define STDC_HEADERS 1
| #define HAVE_SYS_TYPES_H 1
| #define HAVE_SYS_STAT_H 1
| #define HAVE_STDLIB_H 1
| #define HAVE_STRING_H 1
| #define HAVE_MEMORY_H 1
| #define HAVE_STRINGS_H 1
| #define HAVE_INTTYPES_H 1
| #define HAVE_STDINT_H 1
| #define HAVE_UNISTD_H 1
| #define HAVE_DLFCN_H 1
| #define LT_OBJDIR ".libs/"
| #define HAVE_INT8_T 1
| #define HAVE_INT16_T 1
| #define HAVE_INT32_T 1
| #define HAVE_INT64_T 1
| #define HAVE_INTPTR_T 1
| #define HAVE_UINT8_T 1
| #define HAVE_UINT16_T 1
| #define HAVE_UINT32_T 1
| #define HAVE_UINT64_T 1
| #define HAVE_UINTPTR_T 1
| #define HAVE_SYS_TYPES_H 1
| #define HAVE_STDLIB_H 1
| #define HAVE_STDINT_H 1
| #define HAVE_INTTYPES_H 1
| #define HAVE_MALLOC_H 1
| #define HAVE_ERRNO_H 1
| #define HAVE_FDATASYNC 1
| #define HAVE_GMTIME_R 1
| #define HAVE_ISNAN 1
| #define HAVE_LOCALTIME_R 1
| #define HAVE_MALLOC_USABLE_SIZE 1
| #define HAVE_STRCHRNUL 1
| #define HAVE_USLEEP 1
| #define HAVE_UTIME 1
| /* end confdefs.h.  */
| 
| /* Override any gcc2 internal prototype to avoid an error.  */
| #ifdef __cplusplus
| extern "C"
| #endif
| /* We use char because int might match the return type of a gcc2
|    builtin and then its argument prototype would still apply.  */
| char pthread_create ();
| int
| main ()
| {
| pthread_create ();
|   ;
|   return 0;
| }
configure:11172: cc -o conftest -g -O2 -I..  -D_GNU_SOURCE -D_REENTRANT  conftest.c -lpthread   >&5
configure:11178: $? = 0
configure:11182: test -z 
			 || test ! -s conftest.err
configure:11185: $? = 0
configure:11188: test -s conftest
configure:11191: $? = 0
configure:11206: result: -lpthread
configure:11225: checking whether to support shared library linked as release mode or not
configure:11229: result: no
configure:11248: checking whether to use an in-ram database for temporary tables
configure:11258: result: no
configure:11285: checking if executables have the .exe suffix
configure:11292: result: unknown
configure:11350: checking for Tcl configuration
configure:11438: WARNING: Can't find Tcl configuration definitions
configure:11440: WARNING: *** Without Tcl the regression tests cannot be executed ***
configure:11442: WARNING: *** Consider using --with-tcl=... to define location of Tcl ***
configure:11969: checking for library containing fdatasync
configure:11999: cc -o conftest -g -O2 -DSQLITE_OS_UNIX=1 -I..  -D_GNU_SOURCE -D_REENTRANT  conftest.c -lpthread  >&5
configure:12005: $? = 0
configure:12009: test -z 
			 || test ! -s conftest.err
configure:12012: $? = 0
configure:12015: test -s conftest
configure:12018: $? = 0
configure:12088: result: none required
configure:12137: checking for library containing dlopen
configure:12167: cc -o conftest -g -O2 -DSQLITE_OS_UNIX=1 -I..  -D_GNU_SOURCE -D_REENTRANT  conftest.c -lpthread  >&5
/tmp/cc5wB3o7.o: In function `main':
/home/durai/c/db-6.2.23/build_unix/sql/conftest.c:56: undefined reference to `dlopen'
collect2: error: ld returned 1 exit status
configure:12173: $? = 1
configure: failed program was:
| /* confdefs.h.  */
| 
| #define PACKAGE_NAME "sqlite"
| #define PACKAGE_TARNAME "sqlite"
| #define PACKAGE_VERSION "3.8.10.2"
| #define PACKAGE_STRING "sqlite 3.8.10.2"
| #define PACKAGE_BUGREPORT ""
| #define STDC_HEADERS 1
| #define HAVE_SYS_TYPES_H 1
| #define HAVE_SYS_STAT_H 1
| #define HAVE_STDLIB_H 1
| #define HAVE_STRING_H 1
| #define HAVE_MEMORY_H 1
| #define HAVE_STRINGS_H 1
| #define HAVE_INTTYPES_H 1
| #define HAVE_STDINT_H 1
| #define HAVE_UNISTD_H 1
| #define HAVE_DLFCN_H 1
| #define LT_OBJDIR ".libs/"
| #define HAVE_INT8_T 1
| #define HAVE_INT16_T 1
| #define HAVE_INT32_T 1
| #define HAVE_INT64_T 1
| #define HAVE_INTPTR_T 1
| #define HAVE_UINT8_T 1
| #define HAVE_UINT16_T 1
| #define HAVE_UINT32_T 1
| #define HAVE_UINT64_T 1
| #define HAVE_UINTPTR_T 1
| #define HAVE_SYS_TYPES_H 1
| #define HAVE_STDLIB_H 1
| #define HAVE_STDINT_H 1
| #define HAVE_INTTYPES_H 1
| #define HAVE_MALLOC_H 1
| #define HAVE_ERRNO_H 1
| #define HAVE_FDATASYNC 1
| #define HAVE_GMTIME_R 1
| #define HAVE_ISNAN 1
| #define HAVE_LOCALTIME_R 1
| #define HAVE_MALLOC_USABLE_SIZE 1
| #define HAVE_STRCHRNUL 1
| #define HAVE_USLEEP 1
| #define HAVE_UTIME 1
| /* end confdefs.h.  */
| 
| /* Override any gcc2 internal prototype to avoid an error.  */
| #ifdef __cplusplus
| extern "C"
| #endif
| /* We use char because int might match the return type of a gcc2
|    builtin and then its argument prototype would still apply.  */
| char dlopen ();
| int
| main ()
| {
| dlopen ();
|   ;
|   return 0;
| }
configure:12222: cc -o conftest -g -O2 -DSQLITE_OS_UNIX=1 -I..  -D_GNU_SOURCE -D_REENTRANT  conftest.c -ldl  -lpthread  >&5
configure:12228: $? = 0
configure:12232: test -z 
			 || test ! -s conftest.err
configure:12235: $? = 0
configure:12238: test -s conftest
configure:12241: $? = 0
configure:12256: result: -ldl
configure:12440: creating ./config.status

## ---------------------- ##
## Running config.status. ##
## ---------------------- ##

This file was extended by sqlite config.status 3.8.10.2, which was
generated by GNU Autoconf 2.59.  Invocation command line was

  CONFIG_FILES    = 
  CONFIG_HEADERS  = 
  CONFIG_LINKS    = 
  CONFIG_COMMANDS = 
  $ ./config.status 

on durai-VirtualBox

config.status:918: creating Makefile
config.status:918: creating sqlite3.pc
config.status:918: creating build_config.h
config.status:1015: creating config.h
config.status:1345: executing libtool commands

## ---------------- ##
## Cache variables. ##
## ---------------- ##

ac_cv_build=x86_64-unknown-linux-gnu
ac_cv_build_alias=x86_64-unknown-linux-gnu
ac_cv_c_compiler_gnu=yes
ac_cv_env_CC_set=set
ac_cv_env_CC_value=cc
ac_cv_env_CFLAGS_set=
ac_cv_env_CFLAGS_value=
ac_cv_env_CPPFLAGS_set=set
ac_cv_env_CPPFLAGS_value='-I..  -D_GNU_SOURCE -D_REENTRANT'
ac_cv_env_CPP_set=
ac_cv_env_CPP_value=
ac_cv_env_LDFLAGS_set=
ac_cv_env_LDFLAGS_value=
ac_cv_env_TCLLIBDIR_set=
ac_cv_env_TCLLIBDIR_value=
ac_cv_env_build_alias_set=
ac_cv_env_build_alias_value=
ac_cv_env_host_alias_set=
ac_cv_env_host_alias_value=
ac_cv_env_target_alias_set=
ac_cv_env_target_alias_value=
ac_cv_exeext=
ac_cv_func_fdatasync=yes
ac_cv_func_gmtime_r=yes
ac_cv_func_isnan=yes
ac_cv_func_localtime_r=yes
ac_cv_func_localtime_s=no
ac_cv_func_malloc_usable_size=yes
ac_cv_func_strchrnul=yes
ac_cv_func_usleep=yes
ac_cv_func_utime=yes
ac_cv_header_dlfcn_h=yes
ac_cv_header_errno_h=yes
ac_cv_header_inttypes_h=yes
ac_cv_header_malloc_h=yes
ac_cv_header_memory_h=yes
ac_cv_header_stdc=yes
ac_cv_header_stdint_h=yes
ac_cv_header_stdlib_h=yes
ac_cv_header_string_h=yes
ac_cv_header_strings_h=yes
ac_cv_header_sys_stat_h=yes
ac_cv_header_sys_types_h=yes
ac_cv_header_unistd_h=yes
ac_cv_host=x86_64-unknown-linux-gnu
ac_cv_host_alias=x86_64-unknown-linux-gnu
ac_cv_objext=o
ac_cv_path_install='/usr/bin/install -c'
ac_cv_prog_AWK=mawk
ac_cv_prog_CPP='cc -E'
ac_cv_prog_TCLSH_CMD=tclsh8.6
ac_cv_prog_ac_ct_AR=ar
ac_cv_prog_ac_ct_CC=cc
ac_cv_prog_ac_ct_OBJDUMP=objdump
ac_cv_prog_ac_ct_RANLIB=ranlib
ac_cv_prog_ac_ct_STRIP=strip
ac_cv_prog_cc_g=yes
ac_cv_prog_cc_stdc=
ac_cv_prog_egrep='grep -E'
ac_cv_prog_fgrep='grep -F'
ac_cv_search_dlopen=-ldl
ac_cv_search_fdatasync='none required'
ac_cv_search_pthread_create=-lpthread
ac_cv_sys_file_offset_bits=no
ac_cv_sys_large_files=no
ac_cv_sys_largefile_CC=no
ac_cv_type_int16_t=yes
ac_cv_type_int32_t=yes
ac_cv_type_int64_t=yes
ac_cv_type_int8_t=yes
ac_cv_type_intptr_t=yes
ac_cv_type_uint16_t=yes
ac_cv_type_uint32_t=yes
ac_cv_type_uint64_t=yes
ac_cv_type_uint8_t=yes
ac_cv_type_uintptr_t=yes
lt_cv_deplibs_check_method=pass_all
lt_cv_file_magic_cmd='$MAGIC_CMD'
lt_cv_file_magic_test_file=
lt_cv_ld_reload_flag=-r
lt_cv_nm_interface='BSD nm'
lt_cv_objdir=.libs
lt_cv_path_LD=/usr/bin/ld
lt_cv_path_NM='/usr/bin/nm -B'
lt_cv_path_SED=/bin/sed
lt_cv_prog_compiler_c_o=yes
lt_cv_prog_compiler_pic_works=yes
lt_cv_prog_compiler_rtti_exceptions=no
lt_cv_prog_compiler_static_works=yes
lt_cv_prog_gnu_ld=yes
lt_cv_sys_global_symbol_pipe='sed -n -e '\''s/^.*[	 ]\([ABCDGIRSTW][ABCDGIRSTW]*\)[	 ][	 ]*\([_A-Za-z][_A-Za-z0-9]*\)$/\1 \2 \2/p'\'''
lt_cv_sys_global_symbol_to_c_name_address='sed -n -e '\''s/^: \([^ ]*\) $/  {\"\1\", (void *) 0},/p'\'' -e '\''s/^[ABCDGIRSTW]* \([^ ]*\) \([^ ]*\)$/  {"\2", (void *) \&\2},/p'\'''
lt_cv_sys_global_symbol_to_c_name_address_lib_prefix='sed -n -e '\''s/^: \([^ ]*\) $/  {\"\1\", (void *) 0},/p'\'' -e '\''s/^[ABCDGIRSTW]* \([^ ]*\) \(lib[^ ]*\)$/  {"\2", (void *) \&\2},/p'\'' -e '\''s/^[ABCDGIRSTW]* \([^ ]*\) \([^ ]*\)$/  {"lib\2", (void *) \&\2},/p'\'''
lt_cv_sys_global_symbol_to_cdecl='sed -n -e '\''s/^T .* \(.*\)$/extern int \1();/p'\'' -e '\''s/^[ABCDGIRSTW]* .* \(.*\)$/extern char \1;/p'\'''
lt_cv_sys_max_cmd_len=1572864

## ----------------- ##
## Output variables. ##
## ----------------- ##

ALLOWRELEASE=''
AR='ar'
AWK='mawk'
BUILD_CC='cc'
BUILD_CFLAGS=' -g -O2'
BUILD_EXEEXT=''
CC='cc'
CFLAGS=' -g -O2 -DSQLITE_OS_UNIX=1'
CPP='cc -E'
CPPFLAGS=' -I.. -D_GNU_SOURCE -D_REENTRANT'
DEFS='-DHAVE_CONFIG_H'
DSYMUTIL=''
DUMPBIN=''
ECHO_C=''
ECHO_N='-n'
ECHO_T=''
EGREP='grep -E'
EXEEXT=''
FGREP='grep -F'
GREP='grep'
HAVE_TCL=''
INSTALL_DATA='${INSTALL} -m 644'
INSTALL_PROGRAM='${INSTALL}'
INSTALL_SCRIPT='${INSTALL}'
LD='/usr/bin/ld -m elf_x86_64'
LDFLAGS=''
LIBOBJS=''
LIBS='-ldl -lpthread '
LIBTOOL='$(SHELL) $(top_builddir)/libtool'
LIPO=''
LN_S='ln -s'
LTLIBOBJS=''
NM='/usr/bin/nm -B'
NMEDIT=''
OBJDUMP='objdump'
OBJEXT='o'
OPT_FEATURE_FLAGS=''
OTOOL64=''
OTOOL=''
PACKAGE_BUGREPORT=''
PACKAGE_NAME='sqlite'
PACKAGE_STRING='sqlite 3.8.10.2'
PACKAGE_TARNAME='sqlite'
PACKAGE_VERSION='3.8.10.2'
PATH_SEPARATOR=':'
RANLIB='ranlib'
RELEASE='3.8.10.2'
SED='/bin/sed'
SHELL='/bin/bash'
SQLITE_OS_UNIX='1'
SQLITE_OS_WIN='0'
SQLITE_THREADSAFE='1'
STRIP='strip'
TARGET_DEBUG='-DSQLITE_DEBUG=1'
TARGET_EXEEXT=''
TARGET_HAVE_EDITLINE='0'
TARGET_HAVE_READLINE='0'
TARGET_READLINE_INC=''
TARGET_READLINE_LIBS=''
TCLLIBDIR='/usr/share/tcltk/tcl8.6/sqlite3'
TCLSH_CMD='tclsh8.6'
TCL_BIN_DIR=''
TCL_INCLUDE_SPEC=''
TCL_LIB_FILE=''
TCL_LIB_FLAG=''
TCL_LIB_SPEC=''
TCL_SHLIB_SUFFIX=''
TCL_SRC_DIR=''
TCL_STUB_LIB_FILE=''
TCL_STUB_LIB_FLAG=''
TCL_STUB_LIB_SPEC=''
TCL_VERSION=''
TEMP_STORE='1'
USE_AMALGAMATION='0'
USE_GCOV='0'
VERSION='3.8'
VERSION_NUMBER='3008010'
ac_ct_AR='ar'
ac_ct_CC='cc'
ac_ct_DSYMUTIL=''
ac_ct_DUMPBIN=''
ac_ct_LIPO=''
ac_ct_NMEDIT=''
ac_ct_OBJDUMP='objdump'
ac_ct_OTOOL64=''
ac_ct_OTOOL=''
ac_ct_RANLIB='ranlib'
ac_ct_STRIP='strip'
bindir='${exec_prefix}/bin'
build='x86_64-unknown-linux-gnu'
build_alias=''
build_cpu='x86_64'
build_os='linux-gnu'
build_vendor='unknown'
datadir='${prefix}/share'
exec_prefix='${prefix}'
host='x86_64-unknown-linux-gnu'
host_alias=''
host_cpu='x86_64'
host_os='linux-gnu'
host_vendor='unknown'
includedir='${prefix}/include'
infodir='${prefix}/info'
libdir='${exec_prefix}/lib'
libexecdir='${exec_prefix}/libexec'
localstatedir='${prefix}/var'
lt_ECHO='echo'
mandir='${prefix}/man'
oldincludedir='/usr/include'
prefix='/usr/local/BerkeleyDB.6.2'
program_prefix=''
program_transform_name='s,x,x,'
sbindir='${exec_prefix}/sbin'
sharedstatedir='${prefix}/com'
sysconfdir='${prefix}/etc'
target_alias=''

## ----------- ##
## confdefs.h. ##
## ----------- ##

#define HAVE_DLFCN_H 1
#define HAVE_ERRNO_H 1
#define HAVE_FDATASYNC 1
#define HAVE_GMTIME_R 1
#define HAVE_INT16_T 1
#define HAVE_INT32_T 1
#define HAVE_INT64_T 1
#define HAVE_INT8_T 1
#define HAVE_INTPTR_T 1
#define HAVE_INTTYPES_H 1
#define HAVE_INTTYPES_H 1
#define HAVE_ISNAN 1
#define HAVE_LOCALTIME_R 1
#define HAVE_MALLOC_H 1
#define HAVE_MALLOC_USABLE_SIZE 1
#define HAVE_MEMORY_H 1
#define HAVE_STDINT_H 1
#define HAVE_STDINT_H 1
#define HAVE_STDLIB_H 1
#define HAVE_STDLIB_H 1
#define HAVE_STRCHRNUL 1
#define HAVE_STRINGS_H 1
#define HAVE_STRING_H 1
#define HAVE_SYS_STAT_H 1
#define HAVE_SYS_TYPES_H 1
#define HAVE_SYS_TYPES_H 1
#define HAVE_UINT16_T 1
#define HAVE_UINT32_T 1
#define HAVE_UINT64_T 1
#define HAVE_UINT8_T 1
#define HAVE_UINTPTR_T 1
#define HAVE_UNISTD_H 1
#define HAVE_USLEEP 1
#define HAVE_UTIME 1
#define LT_OBJDIR ".libs/"
#define PACKAGE_BUGREPORT ""
#define PACKAGE_NAME "sqlite"
#define PACKAGE_STRING "sqlite 3.8.10.2"
#define PACKAGE_TARNAME "sqlite"
#define PACKAGE_VERSION "3.8.10.2"
#define STDC_HEADERS 1

configure: exit 0
